#
# There is insufficient memory for the Java Runtime Environment to continue.
# Native memory allocation (malloc) failed to allocate 256000 bytes for AllocateHeap
# Possible reasons:
#   The system is out of physical RAM or swap space
#   In 32 bit mode, the process size limit was hit
# Possible solutions:
#   Reduce memory load on the system
#   Increase physical memory or swap space
#   Check if swap backing store is full
#   Use 64 bit Java on a 64 bit OS
#   Decrease Java heap size (-Xmx/-Xms)
#   Decrease number of Java threads
#   Decrease Java thread stack sizes (-Xss)
#   Set larger code cache with -XX:ReservedCodeCacheSize=
# This output file may be truncated or incomplete.
#
#  Out of Memory Error (memory/allocation.inline.hpp:62), pid=11580, tid=11308
#
# JRE version: Java(TM) SE Runtime Environment (8.0_31-b13) (build 1.8.0_31-b13)
# Java VM: Java HotSpot(TM) 64-Bit Server VM (25.31-b07 mixed mode windows-amd64 compressed oops)
# Failed to write core dump. Minidumps are not enabled by default on client versions of Windows
#

---------------  T H R E A D  ---------------

Current thread (0x0000000014596000):  VMThread [stack: 0x0000000015630000,0x0000000015730000] [id=11308]

Stack: [0x0000000015630000,0x0000000015730000]
Native frames: (J=compiled Java code, j=interpreted, Vv=VM code, C=native code)
V  [jvm.dll+0x3169ba]
V  [jvm.dll+0x2674c3]
V  [jvm.dll+0x268103]
V  [jvm.dll+0x25f8f5]
V  [jvm.dll+0x2612ca]
V  [jvm.dll+0x431938]
V  [jvm.dll+0x679b3]
V  [jvm.dll+0x11a728]
V  [jvm.dll+0x8b561]
V  [jvm.dll+0x83275]
V  [jvm.dll+0x6795d]
V  [jvm.dll+0x5956c]
V  [jvm.dll+0x6d964]
V  [jvm.dll+0x3dd4ff]
V  [jvm.dll+0x3dea20]
V  [jvm.dll+0x3defbb]
V  [jvm.dll+0xa16e5]
V  [jvm.dll+0x27af06]
V  [jvm.dll+0x232997]
V  [jvm.dll+0x231bd6]
V  [jvm.dll+0x232071]
V  [jvm.dll+0x23228e]
V  [jvm.dll+0x28576a]
C  [msvcr100.dll+0x21d9f]
C  [msvcr100.dll+0x21e3b]
C  [KERNEL32.DLL+0x13d2]
C  [ntdll.dll+0x15454]

VM_Operation (0x0000000001dab510): CollectForMetadataAllocation, mode: safepoint, requested by thread 0x0000000001e52800


---------------  P R O C E S S  ---------------

Java Threads: ( => current thread )
  0x0000000016ab4800 JavaThread "pool-1-thread-1" [_thread_blocked, id=10544, stack(0x00000000185e0000,0x00000000186e0000)]
  0x0000000016b34800 JavaThread "MySQL Statement Cancellation Timer" daemon [_thread_blocked, id=11040, stack(0x0000000017030000,0x0000000017130000)]
  0x0000000015e4e800 JavaThread "Service Thread" daemon [_thread_blocked, id=11140, stack(0x0000000016230000,0x0000000016330000)]
  0x0000000014614000 JavaThread "C1 CompilerThread2" daemon [_thread_blocked, id=2700, stack(0x0000000015d30000,0x0000000015e30000)]
  0x0000000014613000 JavaThread "C2 CompilerThread1" daemon [_thread_blocked, id=12464, stack(0x0000000015c30000,0x0000000015d30000)]
  0x00000000145cc000 JavaThread "C2 CompilerThread0" daemon [_thread_blocked, id=12956, stack(0x0000000015b30000,0x0000000015c30000)]
  0x00000000145cb000 JavaThread "Attach Listener" daemon [_thread_blocked, id=10868, stack(0x0000000015a30000,0x0000000015b30000)]
  0x00000000145ca800 JavaThread "Signal Dispatcher" daemon [_thread_blocked, id=13108, stack(0x0000000015930000,0x0000000015a30000)]
  0x0000000001f43000 JavaThread "Finalizer" daemon [_thread_blocked, id=11816, stack(0x0000000015830000,0x0000000015930000)]
  0x0000000001f3a000 JavaThread "Reference Handler" daemon [_thread_blocked, id=11192, stack(0x0000000015730000,0x0000000015830000)]
  0x0000000001e52800 JavaThread "main" [_thread_blocked, id=12608, stack(0x0000000001cb0000,0x0000000001db0000)]

Other Threads:
=>0x0000000014596000 VMThread [stack: 0x0000000015630000,0x0000000015730000] [id=11308]
  0x0000000015e50800 WatcherThread [stack: 0x0000000016330000,0x0000000016430000] [id=12968]

VM state:at safepoint (normal execution)

VM Mutex/Monitor currently owned by a thread:  ([mutex/lock_event])
[0x0000000001ffd780] Threads_lock - owner thread: 0x0000000014596000
[0x0000000001ffd900] Heap_lock - owner thread: 0x0000000001e52800

Heap:
 PSYoungGen      total 18944K, used 844K [0x00000000eb400000, 0x00000000ed100000, 0x0000000100000000)
  eden space 16384K, 0% used [0x00000000eb400000,0x00000000eb400000,0x00000000ec400000)
  from space 2560K, 33% used [0x00000000ec400000,0x00000000ec4d33b0,0x00000000ec680000)
  to   space 6656K, 0% used [0x00000000eca80000,0x00000000eca80000,0x00000000ed100000)
 ParOldGen       total 44032K, used 9506K [0x00000000c1c00000, 0x00000000c4700000, 0x00000000eb400000)
  object space 44032K, 21% used [0x00000000c1c00000,0x00000000c2548bc0,0x00000000c4700000)
 Metaspace       used 20915K, capacity 21054K, committed 21296K, reserved 1069056K
  class space    used 2629K, capacity 2659K, committed 2688K, reserved 1048576K

Card table byte_map: [0x00000000113c0000,0x00000000115c0000] byte_map_base: 0x0000000010db2000

Marking Bits: (ParMarkBitMap*) 0x000000005454d4f0
 Begin Bits: [0x0000000011b10000, 0x0000000012aa0000)
 End Bits:   [0x0000000012aa0000, 0x0000000013a30000)

Polling page: 0x00000000006f0000

CodeCache: size=245760Kb used=6563Kb max_used=6563Kb free=239196Kb
 bounds [0x0000000002000000, 0x0000000002670000, 0x0000000011000000]
 total_blobs=2522 nmethods=2057 adapters=379
 compilation: enabled

Compilation events (10 events):
Event: 8.928 Thread 0x0000000014614000 nmethod 2053 0x000000000266b750 code [0x000000000266b8a0, 0x000000000266b9b0]
Event: 8.928 Thread 0x0000000014614000 2054       1       java.lang.reflect.WeakCache$CacheKey::hashCode (5 bytes)
Event: 8.928 Thread 0x0000000014614000 nmethod 2054 0x000000000266b490 code [0x000000000266b5e0, 0x000000000266b6f0]
Event: 8.929 Thread 0x0000000014614000 2055       1       org.hibernate.jpa.internal.metamodel.AttributeFactory$BaseAttributeMetadata::getPersistentAttributeType (5 bytes)
Event: 8.930 Thread 0x0000000014614000 nmethod 2055 0x000000000266b1d0 code [0x000000000266b320, 0x000000000266b430]
Event: 8.930 Thread 0x0000000014614000 2056       1       org.hibernate.mapping.Collection::getMappings (5 bytes)
Event: 8.930 Thread 0x0000000014614000 nmethod 2056 0x000000000266af10 code [0x000000000266b060, 0x000000000266b170]
Event: 8.930 Thread 0x0000000014614000 2057       3       java.lang.reflect.Field::getGenericType (20 bytes)
Event: 8.933 Thread 0x0000000014614000 nmethod 2057 0x000000000266c590 code [0x000000000266c7e0, 0x000000000266d588]
Event: 9.060 Thread 0x0000000014613000 2058   !   4       java.lang.ClassLoader::loadClass (122 bytes)

GC Heap History (10 events):
Event: 6.002 GC heap after
Heap after GC invocations=5 (full 0):
 PSYoungGen      total 18944K, used 2550K [0x00000000eb400000, 0x00000000ed100000, 0x0000000100000000)
  eden space 16384K, 0% used [0x00000000eb400000,0x00000000eb400000,0x00000000ec400000)
  from space 2560K, 99% used [0x00000000ec400000,0x00000000ec67db50,0x00000000ec680000)
  to   space 6656K, 0% used [0x00000000eca80000,0x00000000eca80000,0x00000000ed100000)
 ParOldGen       total 44032K, used 6101K [0x00000000c1c00000, 0x00000000c4700000, 0x00000000eb400000)
  object space 44032K, 13% used [0x00000000c1c00000,0x00000000c21f5678,0x00000000c4700000)
 Metaspace       used 17308K, capacity 17434K, committed 17664K, reserved 1064960K
  class space    used 2184K, capacity 2205K, committed 2304K, reserved 1048576K
}
Event: 6.917 GC heap before
{Heap before GC invocations=6 (full 0):
 PSYoungGen      total 18944K, used 18934K [0x00000000eb400000, 0x00000000ed100000, 0x0000000100000000)
  eden space 16384K, 100% used [0x00000000eb400000,0x00000000ec400000,0x00000000ec400000)
  from space 2560K, 99% used [0x00000000ec400000,0x00000000ec67db50,0x00000000ec680000)
  to   space 6656K, 0% used [0x00000000eca80000,0x00000000eca80000,0x00000000ed100000)
 ParOldGen       total 44032K, used 6101K [0x00000000c1c00000, 0x00000000c4700000, 0x00000000eb400000)
  object space 44032K, 13% used [0x00000000c1c00000,0x00000000c21f5678,0x00000000c4700000)
 Metaspace       used 19031K, capacity 19226K, committed 19456K, reserved 1067008K
  class space    used 2402K, capacity 2461K, committed 2560K, reserved 1048576K
Event: 6.936 GC heap after
Heap after GC invocations=6 (full 0):
 PSYoungGen      total 23040K, used 4373K [0x00000000eb400000, 0x00000000ed100000, 0x0000000100000000)
  eden space 16384K, 0% used [0x00000000eb400000,0x00000000eb400000,0x00000000ec400000)
  from space 6656K, 65% used [0x00000000eca80000,0x00000000ecec56b0,0x00000000ed100000)
  to   space 2560K, 0% used [0x00000000ec400000,0x00000000ec400000,0x00000000ec680000)
 ParOldGen       total 44032K, used 6109K [0x00000000c1c00000, 0x00000000c4700000, 0x00000000eb400000)
  object space 44032K, 13% used [0x00000000c1c00000,0x00000000c21f7678,0x00000000c4700000)
 Metaspace       used 19031K, capacity 19226K, committed 19456K, reserved 1067008K
  class space    used 2402K, capacity 2461K, committed 2560K, reserved 1048576K
}
Event: 7.760 GC heap before
{Heap before GC invocations=7 (full 0):
 PSYoungGen      total 23040K, used 20757K [0x00000000eb400000, 0x00000000ed100000, 0x0000000100000000)
  eden space 16384K, 100% used [0x00000000eb400000,0x00000000ec400000,0x00000000ec400000)
  from space 6656K, 65% used [0x00000000eca80000,0x00000000ecec56b0,0x00000000ed100000)
  to   space 2560K, 0% used [0x00000000ec400000,0x00000000ec400000,0x00000000ec680000)
 ParOldGen       total 44032K, used 6109K [0x00000000c1c00000, 0x00000000c4700000, 0x00000000eb400000)
  object space 44032K, 13% used [0x00000000c1c00000,0x00000000c21f7678,0x00000000c4700000)
 Metaspace       used 19262K, capacity 19418K, committed 19712K, reserved 1067008K
  class space    used 2426K, capacity 2461K, committed 2560K, reserved 1048576K
Event: 7.771 GC heap after
Heap after GC invocations=7 (full 0):
 PSYoungGen      total 18944K, used 2528K [0x00000000eb400000, 0x00000000ed100000, 0x0000000100000000)
  eden space 16384K, 0% used [0x00000000eb400000,0x00000000eb400000,0x00000000ec400000)
  from space 2560K, 98% used [0x00000000ec400000,0x00000000ec678070,0x00000000ec680000)
  to   space 6656K, 0% used [0x00000000eca80000,0x00000000eca80000,0x00000000ed100000)
 ParOldGen       total 44032K, used 7280K [0x00000000c1c00000, 0x00000000c4700000, 0x00000000eb400000)
  object space 44032K, 16% used [0x00000000c1c00000,0x00000000c231c340,0x00000000c4700000)
 Metaspace       used 19262K, capacity 19418K, committed 19712K, reserved 1067008K
  class space    used 2426K, capacity 2461K, committed 2560K, reserved 1048576K
}
Event: 9.066 GC heap before
{Heap before GC invocations=8 (full 0):
 PSYoungGen      total 18944K, used 18912K [0x00000000eb400000, 0x00000000ed100000, 0x0000000100000000)
  eden space 16384K, 100% used [0x00000000eb400000,0x00000000ec400000,0x00000000ec400000)
  from space 2560K, 98% used [0x00000000ec400000,0x00000000ec678070,0x00000000ec680000)
  to   space 6656K, 0% used [0x00000000eca80000,0x00000000eca80000,0x00000000ed100000)
 ParOldGen       total 44032K, used 7280K [0x00000000c1c00000, 0x00000000c4700000, 0x00000000eb400000)
  object space 44032K, 16% used [0x00000000c1c00000,0x00000000c231c340,0x00000000c4700000)
 Metaspace       used 20842K, capacity 20990K, committed 21296K, reserved 1069056K
  class space    used 2623K, capacity 2659K, committed 2688K, reserved 1048576K
Event: 9.075 GC heap after
Heap after GC invocations=8 (full 0):
 PSYoungGen      total 23040K, used 2899K [0x00000000eb400000, 0x00000000ed100000, 0x0000000100000000)
  eden space 16384K, 0% used [0x00000000eb400000,0x00000000eb400000,0x00000000ec400000)
  from space 6656K, 43% used [0x00000000eca80000,0x00000000ecd54d28,0x00000000ed100000)
  to   space 2560K, 0% used [0x00000000ec400000,0x00000000ec400000,0x00000000ec680000)
 ParOldGen       total 44032K, used 8352K [0x00000000c1c00000, 0x00000000c4700000, 0x00000000eb400000)
  object space 44032K, 18% used [0x00000000c1c00000,0x00000000c2428390,0x00000000c4700000)
 Metaspace       used 20842K, capacity 20990K, committed 21296K, reserved 1069056K
  class space    used 2623K, capacity 2659K, committed 2688K, reserved 1048576K
}
Event: 9.092 GC heap before
{Heap before GC invocations=9 (full 0):
 PSYoungGen      total 23040K, used 3598K [0x00000000eb400000, 0x00000000ed100000, 0x0000000100000000)
  eden space 16384K, 4% used [0x00000000eb400000,0x00000000eb4aeaf0,0x00000000ec400000)
  from space 6656K, 43% used [0x00000000eca80000,0x00000000ecd54d28,0x00000000ed100000)
  to   space 2560K, 0% used [0x00000000ec400000,0x00000000ec400000,0x00000000ec680000)
 ParOldGen       total 44032K, used 8352K [0x00000000c1c00000, 0x00000000c4700000, 0x00000000eb400000)
  object space 44032K, 18% used [0x00000000c1c00000,0x00000000c2428390,0x00000000c4700000)
 Metaspace       used 20915K, capacity 21054K, committed 21296K, reserved 1069056K
  class space    used 2629K, capacity 2659K, committed 2688K, reserved 1048576K
Event: 9.099 GC heap after
Heap after GC invocations=9 (full 0):
 PSYoungGen      total 18944K, used 844K [0x00000000eb400000, 0x00000000ed100000, 0x0000000100000000)
  eden space 16384K, 0% used [0x00000000eb400000,0x00000000eb400000,0x00000000ec400000)
  from space 2560K, 33% used [0x00000000ec400000,0x00000000ec4d33b0,0x00000000ec680000)
  to   space 6656K, 0% used [0x00000000eca80000,0x00000000eca80000,0x00000000ed100000)
 ParOldGen       total 44032K, used 9506K [0x00000000c1c00000, 0x00000000c4700000, 0x00000000eb400000)
  object space 44032K, 21% used [0x00000000c1c00000,0x00000000c2548bc0,0x00000000c4700000)
 Metaspace       used 20915K, capacity 21054K, committed 21296K, reserved 1069056K
  class space    used 2629K, capacity 2659K, committed 2688K, reserved 1048576K
}
Event: 9.099 GC heap before
{Heap before GC invocations=10 (full 1):
 PSYoungGen      total 18944K, used 844K [0x00000000eb400000, 0x00000000ed100000, 0x0000000100000000)
  eden space 16384K, 0% used [0x00000000eb400000,0x00000000eb400000,0x00000000ec400000)
  from space 2560K, 33% used [0x00000000ec400000,0x00000000ec4d33b0,0x00000000ec680000)
  to   space 6656K, 0% used [0x00000000eca80000,0x00000000eca80000,0x00000000ed100000)
 ParOldGen       total 44032K, used 9506K [0x00000000c1c00000, 0x00000000c4700000, 0x00000000eb400000)
  object space 44032K, 21% used [0x00000000c1c00000,0x00000000c2548bc0,0x00000000c4700000)
 Metaspace       used 20915K, capacity 21054K, committed 21296K, reserved 1069056K
  class space    used 2629K, capacity 2659K, committed 2688K, reserved 1048576K

Deoptimization events (10 events):
Event: 4.853 Thread 0x0000000001e52800 Uncommon trap: reason=class_check action=maybe_recompile pc=0x000000000239fd58 method=java.util.HashMap.putVal(ILjava/lang/Object;Ljava/lang/Object;ZZ)Ljava/lang/Object; @ 203
Event: 4.853 Thread 0x0000000001e52800 Uncommon trap: reason=class_check action=maybe_recompile pc=0x000000000239fd58 method=java.util.HashMap.putVal(ILjava/lang/Object;Ljava/lang/Object;ZZ)Ljava/lang/Object; @ 203
Event: 6.263 Thread 0x0000000001e52800 Uncommon trap: reason=unreached action=reinterpret pc=0x00000000022c2898 method=java.util.HashMap.getNode(ILjava/lang/Object;)Ljava/util/HashMap$Node; @ 84
Event: 6.263 Thread 0x0000000001e52800 Uncommon trap: reason=unreached action=reinterpret pc=0x000000000237cb10 method=java.util.HashMap.getNode(ILjava/lang/Object;)Ljava/util/HashMap$Node; @ 84
Event: 6.266 Thread 0x0000000001e52800 Uncommon trap: reason=unreached action=reinterpret pc=0x00000000023cdd00 method=java.util.HashMap.putVal(ILjava/lang/Object;Ljava/lang/Object;ZZ)Ljava/lang/Object; @ 109
Event: 7.724 Thread 0x0000000001e52800 Uncommon trap: reason=range_check action=make_not_entrant pc=0x00000000025a8954 method=java.text.SimpleDateFormat.format(Ljava/util/Date;Ljava/lang/StringBuffer;Ljava/text/Format$FieldDelegate;)Ljava/lang/StringBuffer; @ 48
Event: 8.183 Thread 0x0000000001e52800 Uncommon trap: reason=class_check action=maybe_recompile pc=0x00000000025936f4 method=java.io.BufferedOutputStream.flush()V @ 8
Event: 8.183 Thread 0x0000000001e52800 Uncommon trap: reason=class_check action=maybe_recompile pc=0x00000000025936f4 method=java.io.BufferedOutputStream.flush()V @ 8
Event: 8.196 Thread 0x0000000001e52800 Uncommon trap: reason=class_check action=maybe_recompile pc=0x00000000025936f4 method=java.io.BufferedOutputStream.flush()V @ 8
Event: 8.223 Thread 0x0000000001e52800 Uncommon trap: reason=class_check action=maybe_recompile pc=0x00000000025936f4 method=java.io.BufferedOutputStream.flush()V @ 8

Internal exceptions (10 events):
Event: 9.065 Thread 0x0000000001e52800 Exception <a 'java/security/PrivilegedActionException'> (0x00000000ec3fb1b0) thrown at [C:\workspace\8-2-build-windows-amd64-cygwin\jdk8u31\2394\hotspot\src\share\vm\prims\jvm.cpp, line 1312]
Event: 9.065 Thread 0x0000000001e52800 Exception <a 'java/security/PrivilegedActionException'> (0x00000000ec3fbab8) thrown at [C:\workspace\8-2-build-windows-amd64-cygwin\jdk8u31\2394\hotspot\src\share\vm\prims\jvm.cpp, line 1312]
Event: 9.078 Thread 0x0000000001e52800 Exception <a 'java/security/PrivilegedActionException'> (0x00000000eb401d10) thrown at [C:\workspace\8-2-build-windows-amd64-cygwin\jdk8u31\2394\hotspot\src\share\vm\prims\jvm.cpp, line 1312]
Event: 9.078 Thread 0x0000000001e52800 Exception <a 'java/security/PrivilegedActionException'> (0x00000000eb402c00) thrown at [C:\workspace\8-2-build-windows-amd64-cygwin\jdk8u31\2394\hotspot\src\share\vm\prims\jvm.cpp, line 1312]
Event: 9.080 Thread 0x0000000001e52800 Exception <a 'java/security/PrivilegedActionException'> (0x00000000eb40ba38) thrown at [C:\workspace\8-2-build-windows-amd64-cygwin\jdk8u31\2394\hotspot\src\share\vm\prims\jvm.cpp, line 1312]
Event: 9.082 Thread 0x0000000001e52800 Exception <a 'java/security/PrivilegedActionException'> (0x00000000eb414a10) thrown at [C:\workspace\8-2-build-windows-amd64-cygwin\jdk8u31\2394\hotspot\src\share\vm\prims\jvm.cpp, line 1312]
Event: 9.083 Thread 0x0000000001e52800 Exception <a 'java/security/PrivilegedActionException'> (0x00000000eb41df58) thrown at [C:\workspace\8-2-build-windows-amd64-cygwin\jdk8u31\2394\hotspot\src\share\vm\prims\jvm.cpp, line 1312]
Event: 9.084 Thread 0x0000000001e52800 Exception <a 'java/security/PrivilegedActionException'> (0x00000000eb425fd0) thrown at [C:\workspace\8-2-build-windows-amd64-cygwin\jdk8u31\2394\hotspot\src\share\vm\prims\jvm.cpp, line 1312]
Event: 9.086 Thread 0x0000000001e52800 Exception <a 'java/security/PrivilegedActionException'> (0x00000000eb42dc10) thrown at [C:\workspace\8-2-build-windows-amd64-cygwin\jdk8u31\2394\hotspot\src\share\vm\prims\jvm.cpp, line 1312]
Event: 9.091 Thread 0x0000000001e52800 Exception <a 'java/security/PrivilegedActionException'> (0x00000000eb44cb88) thrown at [C:\workspace\8-2-build-windows-amd64-cygwin\jdk8u31\2394\hotspot\src\share\vm\prims\jvm.cpp, line 1312]

Events (10 events):
Event: 9.082 loading class org/hibernate/engine/spi/ActionQueue$AfterTransactionCompletionProcessQueue done
Event: 9.083 loading class org/hibernate/engine/spi/ActionQueue$AbstractTransactionCompletionProcessQueue
Event: 9.083 loading class org/hibernate/engine/spi/ActionQueue$AbstractTransactionCompletionProcessQueue done
Event: 9.084 loading class org/hibernate/engine/spi/ActionQueue$BeforeTransactionCompletionProcessQueue
Event: 9.084 loading class org/hibernate/engine/spi/ActionQueue$BeforeTransactionCompletionProcessQueue done
Event: 9.086 loading class org/hibernate/engine/internal/StatefulPersistenceContext
Event: 9.086 loading class org/hibernate/engine/internal/StatefulPersistenceContext done
Event: 9.090 loading class org/hibernate/engine/spi/PersistenceContext$NaturalIdHelper
Event: 9.090 loading class org/hibernate/engine/spi/PersistenceContext$NaturalIdHelper done
Event: 9.092 Executing VM operation: CollectForMetadataAllocation


Dynamic libraries:
0x00007ff75f5c0000 - 0x00007ff75f5f4000 	C:\Program Files\Java\jre1.8.0_31\bin\javaw.exe
0x00007ffbc3910000 - 0x00007ffbc3abc000 	C:\WINDOWS\SYSTEM32\ntdll.dll
0x00007ffbc1520000 - 0x00007ffbc165e000 	C:\WINDOWS\system32\KERNEL32.DLL
0x00007ffbc0b90000 - 0x00007ffbc0ca5000 	C:\WINDOWS\system32\KERNELBASE.dll
0x00007ffbbf610000 - 0x00007ffbbf69e000 	C:\WINDOWS\system32\apphelp.dll
0x00007ffbba3e0000 - 0x00007ffbba433000 	C:\WINDOWS\AppPatch\AppPatch64\AcGenral.DLL
0x00007ffbc1c90000 - 0x00007ffbc1d3a000 	C:\WINDOWS\system32\msvcrt.dll
0x00007ffbc0840000 - 0x00007ffbc086e000 	C:\WINDOWS\SYSTEM32\SspiCli.dll
0x00007ffbc13e0000 - 0x00007ffbc1434000 	C:\WINDOWS\system32\SHLWAPI.dll
0x00007ffbc1db0000 - 0x00007ffbc1f27000 	C:\WINDOWS\system32\USER32.dll
0x00007ffbc1f30000 - 0x00007ffbc20c4000 	C:\WINDOWS\system32\ole32.dll
0x00007ffbc2380000 - 0x00007ffbc3899000 	C:\WINDOWS\system32\SHELL32.dll
0x00007ffbc0010000 - 0x00007ffbc0031000 	C:\WINDOWS\SYSTEM32\USERENV.dll
0x00007ffbc1850000 - 0x00007ffbc18fa000 	C:\WINDOWS\system32\ADVAPI32.dll
0x00007ffbb9c40000 - 0x00007ffbb9c5e000 	C:\WINDOWS\SYSTEM32\MPR.dll
0x00007ffbc2170000 - 0x00007ffbc22b1000 	C:\WINDOWS\system32\RPCRT4.dll
0x00007ffbc38b0000 - 0x00007ffbc3909000 	C:\WINDOWS\SYSTEM32\sechost.dll
0x00007ffbc1a70000 - 0x00007ffbc1c81000 	C:\WINDOWS\SYSTEM32\combase.dll
0x00007ffbc1920000 - 0x00007ffbc1a70000 	C:\WINDOWS\system32\GDI32.dll
0x00007ffbc0a70000 - 0x00007ffbc0a85000 	C:\WINDOWS\SYSTEM32\profapi.dll
0x00007ffbbedb0000 - 0x00007ffbbee62000 	C:\WINDOWS\SYSTEM32\SHCORE.dll
0x00007ffbc2130000 - 0x00007ffbc2166000 	C:\WINDOWS\system32\IMM32.DLL
0x00007ffbc0fa0000 - 0x00007ffbc10f2000 	C:\WINDOWS\system32\MSCTF.dll
0x00007ffbbe140000 - 0x00007ffbbe3ba000 	C:\WINDOWS\WinSxS\amd64_microsoft.windows.common-controls_6595b64144ccf1df_6.0.9600.17810_none_6240b9c7ecbd0bda\COMCTL32.dll
0x0000000054900000 - 0x00000000549d2000 	C:\Program Files\Java\jre1.8.0_31\bin\msvcr100.dll
0x0000000053d70000 - 0x00000000545ca000 	C:\Program Files\Java\jre1.8.0_31\bin\server\jvm.dll
0x00007ffbb1eb0000 - 0x00007ffbb1eb9000 	C:\WINDOWS\SYSTEM32\WSOCK32.dll
0x00007ffbbb4b0000 - 0x00007ffbbb4d2000 	C:\WINDOWS\SYSTEM32\WINMM.dll
0x00007ffbc38a0000 - 0x00007ffbc38a7000 	C:\WINDOWS\system32\PSAPI.DLL
0x00007ffbc20d0000 - 0x00007ffbc212a000 	C:\WINDOWS\system32\WS2_32.dll
0x00007ffbb91f0000 - 0x00007ffbb921a000 	C:\WINDOWS\SYSTEM32\WINMMBASE.dll
0x00007ffbc1660000 - 0x00007ffbc1669000 	C:\WINDOWS\system32\NSI.dll
0x00007ffbc0b40000 - 0x00007ffbc0b8f000 	C:\WINDOWS\SYSTEM32\cfgmgr32.dll
0x00007ffbbf860000 - 0x00007ffbbf888000 	C:\WINDOWS\SYSTEM32\DEVOBJ.dll
0x00000000548f0000 - 0x00000000548ff000 	C:\Program Files\Java\jre1.8.0_31\bin\verify.dll
0x00000000548c0000 - 0x00000000548e8000 	C:\Program Files\Java\jre1.8.0_31\bin\java.dll
0x00000000548a0000 - 0x00000000548b6000 	C:\Program Files\Java\jre1.8.0_31\bin\zip.dll
0x0000000054870000 - 0x000000005488a000 	C:\Program Files\Java\jre1.8.0_31\bin\net.dll
0x00007ffbc0280000 - 0x00007ffbc02d9000 	C:\WINDOWS\system32\mswsock.dll
0x00007ffbc0080000 - 0x00007ffbc0124000 	C:\WINDOWS\SYSTEM32\DNSAPI.dll
0x00007ffbbcf70000 - 0x00007ffbbcf7a000 	C:\Windows\System32\rasadhlp.dll
0x00007ffbbbed0000 - 0x00007ffbbbf3b000 	C:\WINDOWS\System32\fwpuclnt.dll
0x00007ffbc02e0000 - 0x00007ffbc0300000 	C:\WINDOWS\SYSTEM32\CRYPTSP.dll
0x00007ffbbff00000 - 0x00007ffbbff36000 	C:\WINDOWS\system32\rsaenh.dll
0x00007ffbc0530000 - 0x00007ffbc0556000 	C:\WINDOWS\SYSTEM32\bcrypt.dll
0x00007ffbc0870000 - 0x00007ffbc08d3000 	C:\WINDOWS\system32\bcryptprimitives.dll
0x00007ffbc08e0000 - 0x00007ffbc08eb000 	C:\WINDOWS\SYSTEM32\CRYPTBASE.dll
0x00007ffbbbfc0000 - 0x00007ffbbbfea000 	C:\WINDOWS\SYSTEM32\IPHLPAPI.DLL
0x00007ffbbbf90000 - 0x00007ffbbbf9a000 	C:\WINDOWS\SYSTEM32\WINNSI.DLL
0x00007ffbbbc20000 - 0x00007ffbbbc36000 	C:\WINDOWS\SYSTEM32\dhcpcsvc6.DLL
0x00007ffbbbc90000 - 0x00007ffbbbcaa000 	C:\WINDOWS\SYSTEM32\dhcpcsvc.DLL
0x0000000054850000 - 0x0000000054861000 	C:\Program Files\Java\jre1.8.0_31\bin\nio.dll
0x00007ffbb1ff0000 - 0x00007ffbb2179000 	C:\WINDOWS\SYSTEM32\dbghelp.dll

VM Arguments:
jvm_args: -Dfile.encoding=UTF-8 
java_command: br.com.gelateria.teste.testaCodigo
java_class_path (initial): C:\Users\ASUS\workspace\G1\build\classes;C:\Users\ASUS\Desktop\eclipse\apache-tomcat-8.0.12\lib\annotations-api.jar;C:\Users\ASUS\Desktop\eclipse\apache-tomcat-8.0.12\lib\catalina-ant.jar;C:\Users\ASUS\Desktop\eclipse\apache-tomcat-8.0.12\lib\catalina-ha.jar;C:\Users\ASUS\Desktop\eclipse\apache-tomcat-8.0.12\lib\catalina-storeconfig.jar;C:\Users\ASUS\Desktop\eclipse\apache-tomcat-8.0.12\lib\catalina-tribes.jar;C:\Users\ASUS\Desktop\eclipse\apache-tomcat-8.0.12\lib\catalina.jar;C:\Users\ASUS\Desktop\eclipse\apache-tomcat-8.0.12\lib\ecj-4.4.jar;C:\Users\ASUS\Desktop\eclipse\apache-tomcat-8.0.12\lib\el-api.jar;C:\Users\ASUS\Desktop\eclipse\apache-tomcat-8.0.12\lib\jasper-el.jar;C:\Users\ASUS\Desktop\eclipse\apache-tomcat-8.0.12\lib\jasper.jar;C:\Users\ASUS\Desktop\eclipse\apache-tomcat-8.0.12\lib\jsp-api.jar;C:\Users\ASUS\Desktop\eclipse\apache-tomcat-8.0.12\lib\servlet-api.jar;C:\Users\ASUS\Desktop\eclipse\apache-tomcat-8.0.12\lib\tomcat-api.jar;C:\Users\ASUS\Desktop\eclipse\apache-tomcat-8.0.12\lib\tomcat-coyote.jar;C:\Users\ASUS\Desktop\eclipse\apache-tomcat-8.0.12\lib\tomcat-dbcp.jar;C:\Users\ASUS\Desktop\eclipse\apache-tomcat-8.0.12\lib\tomcat-i18n-es.jar;C:\Users\ASUS\Desktop\eclipse\apache-tomcat-8.0.12\lib\tomcat-i18n-fr.jar;C:\Users\ASUS\Desktop\eclipse\apache-tomcat-8.0.12\lib\tomcat-i18n-ja.jar;C:\Users\ASUS\Desktop\eclipse\apache-tomcat-8.0.12\lib\tomcat-jdbc.jar;C:\Users\ASUS\Desktop\eclipse\apache-tomcat-8.0.12\lib\tomcat-jni.jar;C:\Users\ASUS\Desktop\eclipse\apache-tomcat-8.0.12\lib\tomcat-spdy.jar;C:\Users\ASUS\Desktop\eclipse\apache-tomcat-8.0.12\lib\tomcat-util-scan.jar;C:\Users\ASUS\Desktop\eclipse\apache-tomcat-8.0.12\lib\tomcat-util.jar;C:\Users\ASUS\Desktop\eclipse\apache-tomcat-8.0.12\lib\tomcat-websocket.jar;C:\Users\ASUS\Desktop\eclipse\apache-tomcat-8.0.12\lib\websocket-api.jar;C:\Users\ASUS\workspace\G1\WebContent\WEB-INF\lib\antlr-2.7.7.jar;C:\Users\ASUS\workspace\G1\WebContent\WEB-INF\lib\commons-collections-3.1
Launcher Type: SUN_STANDARD

Environment Variables:
JAVA_HOME=C:\Program Files\Java\jre1.8.0_40
JRE_HOME=C:\Program Files\Java\jdk1.8.0_31
PATH=C:/Program Files/Java/jre1.8.0_40/bin/server;C:/Program Files/Java/jre1.8.0_40/bin;C:/Program Files/Java/jre1.8.0_40/lib/amd64;C:\ProgramData\Oracle\Java\javapath;C:\Program Files (x86)\Intel\TXE Components\TCS\;C:\Program Files\Intel\TXE Components\TCS\;C:\WINDOWS\system32;C:\WINDOWS;C:\WINDOWS\System32\Wbem;C:\WINDOWS\System32\WindowsPowerShell\v1.0\;C:\Program Files (x86)\Windows Live\Shared;C:\Users\ASUS\Desktop\eclipse;
USERNAME=ASUS
OS=Windows_NT
PROCESSOR_IDENTIFIER=Intel64 Family 6 Model 55 Stepping 3, GenuineIntel



---------------  S Y S T E M  ---------------

OS: Windows 8.1 , 64 bit Build 9600 

CPU:total 4 (4 cores per cpu, 1 threads per core) family 6 model 55 stepping 3, cmov, cx8, fxsr, mmx, sse, sse2, sse3, ssse3, sse4.1, sse4.2, popcnt, clmul, erms, tsc, tscinvbit

Memory: 4k page, physical 4078160k(843932k free), swap 16661072k(4372k free)

vm_info: Java HotSpot(TM) 64-Bit Server VM (25.31-b07) for windows-amd64 JRE (1.8.0_31-b13), built on Dec 17 2014 21:00:28 by "java_re" with MS VC++ 10.0 (VS2010)

time: Fri Aug 28 18:55:17 2015
elapsed time: 9 seconds (0d 0h 0m 9s)

