#
# There is insufficient memory for the Java Runtime Environment to continue.
# Native memory allocation (malloc) failed to allocate 740976 bytes for Chunk::new
# Possible reasons:
#   The system is out of physical RAM or swap space
#   In 32 bit mode, the process size limit was hit
# Possible solutions:
#   Reduce memory load on the system
#   Increase physical memory or swap space
#   Check if swap backing store is full
#   Use 64 bit Java on a 64 bit OS
#   Decrease Java heap size (-Xmx/-Xms)
#   Decrease number of Java threads
#   Decrease Java thread stack sizes (-Xss)
#   Set larger code cache with -XX:ReservedCodeCacheSize=
# This output file may be truncated or incomplete.
#
#  Out of Memory Error (allocation.cpp:390), pid=13140, tid=9172
#
# JRE version: Java(TM) SE Runtime Environment (8.0_31-b13) (build 1.8.0_31-b13)
# Java VM: Java HotSpot(TM) 64-Bit Server VM (25.31-b07 mixed mode windows-amd64 compressed oops)
# Failed to write core dump. Minidumps are not enabled by default on client versions of Windows
#

---------------  T H R E A D  ---------------

Current thread (0x00000000143bf000):  JavaThread "C2 CompilerThread0" daemon [_thread_in_native, id=9172, stack(0x0000000015920000,0x0000000015a20000)]

Stack: [0x0000000015920000,0x0000000015a20000]
Native frames: (J=compiled Java code, j=interpreted, Vv=VM code, C=native code)
V  [jvm.dll+0x3169ba]
V  [jvm.dll+0x2674c3]
V  [jvm.dll+0x268103]
V  [jvm.dll+0x25f8f5]
V  [jvm.dll+0xbf025]
V  [jvm.dll+0xbf4cc]
V  [jvm.dll+0x4798bc]
V  [jvm.dll+0x446e60]
V  [jvm.dll+0x451bce]
V  [jvm.dll+0x4541b8]
V  [jvm.dll+0x437c62]
V  [jvm.dll+0x988e2]
V  [jvm.dll+0x990d3]
V  [jvm.dll+0x22c194]
V  [jvm.dll+0x28576a]
C  [msvcr100.dll+0x21d9f]
C  [msvcr100.dll+0x21e3b]
C  [KERNEL32.DLL+0x13d2]
C  [ntdll.dll+0x15454]


Current CompileTask:
C2:   5966 1262   !   4       java.net.URL::<init> (543 bytes)


---------------  P R O C E S S  ---------------

Java Threads: ( => current thread )
  0x0000000016783000 JavaThread "pool-1-thread-1" [_thread_blocked, id=12932, stack(0x0000000017400000,0x0000000017500000)]
  0x00000000165f1000 JavaThread "MySQL Statement Cancellation Timer" daemon [_thread_blocked, id=12888, stack(0x0000000016e20000,0x0000000016f20000)]
  0x0000000015c54800 JavaThread "Service Thread" daemon [_thread_blocked, id=13144, stack(0x0000000016020000,0x0000000016120000)]
  0x00000000143ca800 JavaThread "C1 CompilerThread2" daemon [_thread_blocked, id=13008, stack(0x0000000015b20000,0x0000000015c20000)]
  0x00000000143c6000 JavaThread "C2 CompilerThread1" daemon [_thread_in_native, id=6036, stack(0x0000000015a20000,0x0000000015b20000)]
=>0x00000000143bf000 JavaThread "C2 CompilerThread0" daemon [_thread_in_native, id=9172, stack(0x0000000015920000,0x0000000015a20000)]
  0x00000000143bc000 JavaThread "Attach Listener" daemon [_thread_blocked, id=13252, stack(0x0000000015820000,0x0000000015920000)]
  0x00000000143bb000 JavaThread "Signal Dispatcher" daemon [_thread_blocked, id=13288, stack(0x0000000015720000,0x0000000015820000)]
  0x0000000001de5000 JavaThread "Finalizer" daemon [_thread_blocked, id=9868, stack(0x0000000015620000,0x0000000015720000)]
  0x0000000001ddb000 JavaThread "Reference Handler" daemon [_thread_blocked, id=11864, stack(0x0000000015520000,0x0000000015620000)]
  0x0000000001cf2800 JavaThread "main" [_thread_in_vm, id=392, stack(0x0000000001b60000,0x0000000001c60000)]

Other Threads:
  0x0000000014385800 VMThread [stack: 0x0000000015420000,0x0000000015520000] [id=9912]
  0x0000000015c56000 WatcherThread [stack: 0x0000000016120000,0x0000000016220000] [id=11424]

VM state:not at safepoint (normal execution)

VM Mutex/Monitor currently owned by a thread: None

Heap:
 PSYoungGen      total 35328K, used 25821K [0x00000000eb400000, 0x00000000ed900000, 0x0000000100000000)
  eden space 32768K, 71% used [0x00000000eb400000,0x00000000ecab9918,0x00000000ed400000)
  from space 2560K, 99% used [0x00000000ed680000,0x00000000ed8fdb50,0x00000000ed900000)
  to   space 2560K, 0% used [0x00000000ed400000,0x00000000ed400000,0x00000000ed680000)
 ParOldGen       total 44032K, used 4244K [0x00000000c1c00000, 0x00000000c4700000, 0x00000000eb400000)
  object space 44032K, 9% used [0x00000000c1c00000,0x00000000c2025380,0x00000000c4700000)
 Metaspace       used 18136K, capacity 18298K, committed 18432K, reserved 1067008K
  class space    used 2288K, capacity 2301K, committed 2304K, reserved 1048576K

Card table byte_map: [0x00000000111b0000,0x00000000113b0000] byte_map_base: 0x0000000010ba2000

Marking Bits: (ParMarkBitMap*) 0x000000005454d4f0
 Begin Bits: [0x0000000011900000, 0x0000000012890000)
 End Bits:   [0x0000000012890000, 0x0000000013820000)

Polling page: 0x0000000001c60000

CodeCache: size=245760Kb used=4685Kb max_used=4685Kb free=241074Kb
 bounds [0x0000000001df0000, 0x0000000002290000, 0x0000000010df0000]
 total_blobs=1788 nmethods=1347 adapters=356
 compilation: enabled

Compilation events (10 events):
Event: 5.547 Thread 0x00000000143c6000 1292       4       org.hibernate.annotations.common.reflection.java.JavaXAnnotatedElement::isAnnotationPresent (11 bytes)
Event: 5.569 Thread 0x00000000143c6000 nmethod 1292 0x0000000002260fd0 code [0x0000000002261180, 0x00000000022617e8]
Event: 5.569 Thread 0x00000000143c6000 1293       4       java.lang.Object::equals (11 bytes)
Event: 5.570 Thread 0x00000000143c6000 nmethod 1293 0x000000000225e150 code [0x000000000225e280, 0x000000000225e2f8]
Event: 5.608 Thread 0x00000000143ca800 1294       3       org.hibernate.mapping.Column::setNullable (6 bytes)
Event: 5.608 Thread 0x00000000143ca800 nmethod 1294 0x000000000225de10 code [0x000000000225df60, 0x000000000225e0b0]
Event: 5.614 Thread 0x00000000143ca800 1295       3       java.lang.ref.SoftReference::<init> (13 bytes)
Event: 5.615 Thread 0x00000000143ca800 nmethod 1295 0x0000000002260a50 code [0x0000000002260bc0, 0x0000000002260eb0]
Event: 5.616 Thread 0x00000000143ca800 1296       3       java.lang.Class$MethodArray::<init> (38 bytes)
Event: 5.617 Thread 0x00000000143ca800 nmethod 1296 0x0000000002260490 code [0x0000000002260600, 0x0000000002260948]

GC Heap History (8 events):
Event: 0.470 GC heap before
{Heap before GC invocations=1 (full 0):
 PSYoungGen      total 18944K, used 16384K [0x00000000eb400000, 0x00000000ec900000, 0x0000000100000000)
  eden space 16384K, 100% used [0x00000000eb400000,0x00000000ec400000,0x00000000ec400000)
  from space 2560K, 0% used [0x00000000ec680000,0x00000000ec680000,0x00000000ec900000)
  to   space 2560K, 0% used [0x00000000ec400000,0x00000000ec400000,0x00000000ec680000)
 ParOldGen       total 44032K, used 0K [0x00000000c1c00000, 0x00000000c4700000, 0x00000000eb400000)
  object space 44032K, 0% used [0x00000000c1c00000,0x00000000c1c00000,0x00000000c4700000)
 Metaspace       used 2793K, capacity 4500K, committed 4864K, reserved 1056768K
  class space    used 308K, capacity 388K, committed 512K, reserved 1048576K
Event: 0.473 GC heap after
Heap after GC invocations=1 (full 0):
 PSYoungGen      total 18944K, used 949K [0x00000000eb400000, 0x00000000ec900000, 0x0000000100000000)
  eden space 16384K, 0% used [0x00000000eb400000,0x00000000eb400000,0x00000000ec400000)
  from space 2560K, 37% used [0x00000000ec400000,0x00000000ec4ed550,0x00000000ec680000)
  to   space 2560K, 0% used [0x00000000ec680000,0x00000000ec680000,0x00000000ec900000)
 ParOldGen       total 44032K, used 8K [0x00000000c1c00000, 0x00000000c4700000, 0x00000000eb400000)
  object space 44032K, 0% used [0x00000000c1c00000,0x00000000c1c02000,0x00000000c4700000)
 Metaspace       used 2793K, capacity 4500K, committed 4864K, reserved 1056768K
  class space    used 308K, capacity 388K, committed 512K, reserved 1048576K
}
Event: 1.793 GC heap before
{Heap before GC invocations=2 (full 0):
 PSYoungGen      total 18944K, used 17333K [0x00000000eb400000, 0x00000000ec900000, 0x0000000100000000)
  eden space 16384K, 100% used [0x00000000eb400000,0x00000000ec400000,0x00000000ec400000)
  from space 2560K, 37% used [0x00000000ec400000,0x00000000ec4ed550,0x00000000ec680000)
  to   space 2560K, 0% used [0x00000000ec680000,0x00000000ec680000,0x00000000ec900000)
 ParOldGen       total 44032K, used 8K [0x00000000c1c00000, 0x00000000c4700000, 0x00000000eb400000)
  object space 44032K, 0% used [0x00000000c1c00000,0x00000000c1c02000,0x00000000c4700000)
 Metaspace       used 9239K, capacity 9340K, committed 9472K, reserved 1056768K
  class space    used 1151K, capacity 1172K, committed 1280K, reserved 1048576K
Event: 1.801 GC heap after
Heap after GC invocations=2 (full 0):
 PSYoungGen      total 18944K, used 2553K [0x00000000eb400000, 0x00000000ec900000, 0x0000000100000000)
  eden space 16384K, 0% used [0x00000000eb400000,0x00000000eb400000,0x00000000ec400000)
  from space 2560K, 99% used [0x00000000ec680000,0x00000000ec8fe4b0,0x00000000ec900000)
  to   space 2560K, 0% used [0x00000000ec400000,0x00000000ec400000,0x00000000ec680000)
 ParOldGen       total 44032K, used 843K [0x00000000c1c00000, 0x00000000c4700000, 0x00000000eb400000)
  object space 44032K, 1% used [0x00000000c1c00000,0x00000000c1cd2da0,0x00000000c4700000)
 Metaspace       used 9239K, capacity 9340K, committed 9472K, reserved 1056768K
  class space    used 1151K, capacity 1172K, committed 1280K, reserved 1048576K
}
Event: 2.820 GC heap before
{Heap before GC invocations=3 (full 0):
 PSYoungGen      total 18944K, used 18937K [0x00000000eb400000, 0x00000000ec900000, 0x0000000100000000)
  eden space 16384K, 100% used [0x00000000eb400000,0x00000000ec400000,0x00000000ec400000)
  from space 2560K, 99% used [0x00000000ec680000,0x00000000ec8fe4b0,0x00000000ec900000)
  to   space 2560K, 0% used [0x00000000ec400000,0x00000000ec400000,0x00000000ec680000)
 ParOldGen       total 44032K, used 843K [0x00000000c1c00000, 0x00000000c4700000, 0x00000000eb400000)
  object space 44032K, 1% used [0x00000000c1c00000,0x00000000c1cd2da0,0x00000000c4700000)
 Metaspace       used 11794K, capacity 11950K, committed 12032K, reserved 1060864K
  class space    used 1517K, capacity 1531K, committed 1536K, reserved 1048576K
Event: 2.839 GC heap after
Heap after GC invocations=3 (full 0):
 PSYoungGen      total 18944K, used 2546K [0x00000000eb400000, 0x00000000ed900000, 0x0000000100000000)
  eden space 16384K, 0% used [0x00000000eb400000,0x00000000eb400000,0x00000000ec400000)
  from space 2560K, 99% used [0x00000000ec400000,0x00000000ec67c818,0x00000000ec680000)
  to   space 2560K, 0% used [0x00000000ed680000,0x00000000ed680000,0x00000000ed900000)
 ParOldGen       total 44032K, used 1977K [0x00000000c1c00000, 0x00000000c4700000, 0x00000000eb400000)
  object space 44032K, 4% used [0x00000000c1c00000,0x00000000c1dee790,0x00000000c4700000)
 Metaspace       used 11794K, capacity 11950K, committed 12032K, reserved 1060864K
  class space    used 1517K, capacity 1531K, committed 1536K, reserved 1048576K
}
Event: 4.359 GC heap before
{Heap before GC invocations=4 (full 0):
 PSYoungGen      total 18944K, used 18930K [0x00000000eb400000, 0x00000000ed900000, 0x0000000100000000)
  eden space 16384K, 100% used [0x00000000eb400000,0x00000000ec400000,0x00000000ec400000)
  from space 2560K, 99% used [0x00000000ec400000,0x00000000ec67c818,0x00000000ec680000)
  to   space 2560K, 0% used [0x00000000ed680000,0x00000000ed680000,0x00000000ed900000)
 ParOldGen       total 44032K, used 1977K [0x00000000c1c00000, 0x00000000c4700000, 0x00000000eb400000)
  object space 44032K, 4% used [0x00000000c1c00000,0x00000000c1dee790,0x00000000c4700000)
 Metaspace       used 15526K, capacity 15662K, committed 15872K, reserved 1062912K
  class space    used 1944K, capacity 1979K, committed 2048K, reserved 1048576K
Event: 4.374 GC heap after
Heap after GC invocations=4 (full 0):
 PSYoungGen      total 35328K, used 2550K [0x00000000eb400000, 0x00000000ed900000, 0x0000000100000000)
  eden space 32768K, 0% used [0x00000000eb400000,0x00000000eb400000,0x00000000ed400000)
  from space 2560K, 99% used [0x00000000ed680000,0x00000000ed8fdb50,0x00000000ed900000)
  to   space 2560K, 0% used [0x00000000ed400000,0x00000000ed400000,0x00000000ed680000)
 ParOldGen       total 44032K, used 4244K [0x00000000c1c00000, 0x00000000c4700000, 0x00000000eb400000)
  object space 44032K, 9% used [0x00000000c1c00000,0x00000000c2025380,0x00000000c4700000)
 Metaspace       used 15526K, capacity 15662K, committed 15872K, reserved 1062912K
  class space    used 1944K, capacity 1979K, committed 2048K, reserved 1048576K
}

Deoptimization events (6 events):
Event: 2.778 Thread 0x0000000001cf2800 Uncommon trap: reason=class_check action=maybe_recompile pc=0x0000000002018b14 method=java.util.regex.Pattern$BmpCharProperty.match(Ljava/util/regex/Matcher;ILjava/lang/CharSequence;)Z @ 31
Event: 2.778 Thread 0x0000000001cf2800 Uncommon trap: reason=class_check action=maybe_recompile pc=0x0000000002018b14 method=java.util.regex.Pattern$BmpCharProperty.match(Ljava/util/regex/Matcher;ILjava/lang/CharSequence;)Z @ 31
Event: 4.390 Thread 0x0000000001cf2800 Uncommon trap: reason=class_check action=maybe_recompile pc=0x000000000218c614 method=java.util.HashMap.putVal(ILjava/lang/Object;Ljava/lang/Object;ZZ)Ljava/lang/Object; @ 203
Event: 4.576 Thread 0x0000000001cf2800 Uncommon trap: reason=class_check action=maybe_recompile pc=0x000000000218c614 method=java.util.HashMap.putVal(ILjava/lang/Object;Ljava/lang/Object;ZZ)Ljava/lang/Object; @ 203
Event: 4.576 Thread 0x0000000001cf2800 Uncommon trap: reason=class_check action=maybe_recompile pc=0x000000000218c614 method=java.util.HashMap.putVal(ILjava/lang/Object;Ljava/lang/Object;ZZ)Ljava/lang/Object; @ 203
Event: 4.576 Thread 0x0000000001cf2800 Uncommon trap: reason=class_check action=maybe_recompile pc=0x000000000218c614 method=java.util.HashMap.putVal(ILjava/lang/Object;Ljava/lang/Object;ZZ)Ljava/lang/Object; @ 203

Internal exceptions (10 events):
Event: 5.722 Thread 0x0000000001cf2800 Exception <a 'java/security/PrivilegedActionException'> (0x00000000ec61e448) thrown at [C:\workspace\8-2-build-windows-amd64-cygwin\jdk8u31\2394\hotspot\src\share\vm\prims\jvm.cpp, line 1312]
Event: 5.722 Thread 0x0000000001cf2800 Exception <a 'java/security/PrivilegedActionException'> (0x00000000ec61f2e8) thrown at [C:\workspace\8-2-build-windows-amd64-cygwin\jdk8u31\2394\hotspot\src\share\vm\prims\jvm.cpp, line 1312]
Event: 5.724 Thread 0x0000000001cf2800 Exception <a 'java/security/PrivilegedActionException'> (0x00000000ec625e40) thrown at [C:\workspace\8-2-build-windows-amd64-cygwin\jdk8u31\2394\hotspot\src\share\vm\prims\jvm.cpp, line 1312]
Event: 5.726 Thread 0x0000000001cf2800 Exception <a 'java/security/PrivilegedActionException'> (0x00000000ec62b2a0) thrown at [C:\workspace\8-2-build-windows-amd64-cygwin\jdk8u31\2394\hotspot\src\share\vm\prims\jvm.cpp, line 1312]
Event: 5.727 Thread 0x0000000001cf2800 Exception <a 'java/security/PrivilegedActionException'> (0x00000000ec630b58) thrown at [C:\workspace\8-2-build-windows-amd64-cygwin\jdk8u31\2394\hotspot\src\share\vm\prims\jvm.cpp, line 1312]
Event: 5.729 Thread 0x0000000001cf2800 Exception <a 'java/security/PrivilegedActionException'> (0x00000000ec636d60) thrown at [C:\workspace\8-2-build-windows-amd64-cygwin\jdk8u31\2394\hotspot\src\share\vm\prims\jvm.cpp, line 1312]
Event: 5.731 Thread 0x0000000001cf2800 Exception <a 'java/security/PrivilegedActionException'> (0x00000000ec642c50) thrown at [C:\workspace\8-2-build-windows-amd64-cygwin\jdk8u31\2394\hotspot\src\share\vm\prims\jvm.cpp, line 1312]
Event: 5.733 Thread 0x0000000001cf2800 Exception <a 'java/security/PrivilegedActionException'> (0x00000000ec64a1c0) thrown at [C:\workspace\8-2-build-windows-amd64-cygwin\jdk8u31\2394\hotspot\src\share\vm\prims\jvm.cpp, line 1312]
Event: 5.734 Thread 0x0000000001cf2800 Exception <a 'java/security/PrivilegedActionException'> (0x00000000ec64feb0) thrown at [C:\workspace\8-2-build-windows-amd64-cygwin\jdk8u31\2394\hotspot\src\share\vm\prims\jvm.cpp, line 1312]
Event: 5.736 Thread 0x0000000001cf2800 Exception <a 'java/security/PrivilegedActionException'> (0x00000000ec6583f8) thrown at [C:\workspace\8-2-build-windows-amd64-cygwin\jdk8u31\2394\hotspot\src\share\vm\prims\jvm.cpp, line 1312]

Events (10 events):
Event: 5.729 loading class org/hibernate/internal/util/ReflectHelper
Event: 5.729 loading class org/hibernate/internal/util/ReflectHelper done
Event: 5.731 loading class org/hibernate/property/DirectPropertyAccessor$DirectGetter
Event: 5.731 loading class org/hibernate/property/DirectPropertyAccessor$DirectGetter done
Event: 5.732 loading class org/hibernate/PropertyAccessException
Event: 5.733 loading class org/hibernate/PropertyAccessException done
Event: 5.734 loading class org/hibernate/engine/internal/UnsavedValueFactory
Event: 5.734 loading class org/hibernate/engine/internal/UnsavedValueFactory done
Event: 5.735 loading class org/hibernate/InstantiationException
Event: 5.736 loading class org/hibernate/InstantiationException done


Dynamic libraries:
0x00007ff75f5c0000 - 0x00007ff75f5f4000 	C:\Program Files\Java\jre1.8.0_31\bin\javaw.exe
0x00007ffbc3910000 - 0x00007ffbc3abc000 	C:\WINDOWS\SYSTEM32\ntdll.dll
0x00007ffbc1520000 - 0x00007ffbc165e000 	C:\WINDOWS\system32\KERNEL32.DLL
0x00007ffbc0b90000 - 0x00007ffbc0ca5000 	C:\WINDOWS\system32\KERNELBASE.dll
0x00007ffbbf610000 - 0x00007ffbbf69e000 	C:\WINDOWS\system32\apphelp.dll
0x00007ffbba3e0000 - 0x00007ffbba433000 	C:\WINDOWS\AppPatch\AppPatch64\AcGenral.DLL
0x00007ffbc1c90000 - 0x00007ffbc1d3a000 	C:\WINDOWS\system32\msvcrt.dll
0x00007ffbc0840000 - 0x00007ffbc086e000 	C:\WINDOWS\SYSTEM32\SspiCli.dll
0x00007ffbc13e0000 - 0x00007ffbc1434000 	C:\WINDOWS\system32\SHLWAPI.dll
0x00007ffbc1db0000 - 0x00007ffbc1f27000 	C:\WINDOWS\system32\USER32.dll
0x00007ffbc1f30000 - 0x00007ffbc20c4000 	C:\WINDOWS\system32\ole32.dll
0x00007ffbc2380000 - 0x00007ffbc3899000 	C:\WINDOWS\system32\SHELL32.dll
0x00007ffbc0010000 - 0x00007ffbc0031000 	C:\WINDOWS\SYSTEM32\USERENV.dll
0x00007ffbc1850000 - 0x00007ffbc18fa000 	C:\WINDOWS\system32\ADVAPI32.dll
0x00007ffbb9c40000 - 0x00007ffbb9c5e000 	C:\WINDOWS\SYSTEM32\MPR.dll
0x00007ffbc2170000 - 0x00007ffbc22b1000 	C:\WINDOWS\system32\RPCRT4.dll
0x00007ffbc38b0000 - 0x00007ffbc3909000 	C:\WINDOWS\SYSTEM32\sechost.dll
0x00007ffbc1a70000 - 0x00007ffbc1c81000 	C:\WINDOWS\SYSTEM32\combase.dll
0x00007ffbc1920000 - 0x00007ffbc1a70000 	C:\WINDOWS\system32\GDI32.dll
0x00007ffbc0a70000 - 0x00007ffbc0a85000 	C:\WINDOWS\SYSTEM32\profapi.dll
0x00007ffbbedb0000 - 0x00007ffbbee62000 	C:\WINDOWS\SYSTEM32\SHCORE.dll
0x00007ffbc2130000 - 0x00007ffbc2166000 	C:\WINDOWS\system32\IMM32.DLL
0x00007ffbc0fa0000 - 0x00007ffbc10f2000 	C:\WINDOWS\system32\MSCTF.dll
0x00007ffbbe140000 - 0x00007ffbbe3ba000 	C:\WINDOWS\WinSxS\amd64_microsoft.windows.common-controls_6595b64144ccf1df_6.0.9600.17810_none_6240b9c7ecbd0bda\COMCTL32.dll
0x0000000054900000 - 0x00000000549d2000 	C:\Program Files\Java\jre1.8.0_31\bin\msvcr100.dll
0x0000000053d70000 - 0x00000000545ca000 	C:\Program Files\Java\jre1.8.0_31\bin\server\jvm.dll
0x00007ffbb1eb0000 - 0x00007ffbb1eb9000 	C:\WINDOWS\SYSTEM32\WSOCK32.dll
0x00007ffbbb4b0000 - 0x00007ffbbb4d2000 	C:\WINDOWS\SYSTEM32\WINMM.dll
0x00007ffbc38a0000 - 0x00007ffbc38a7000 	C:\WINDOWS\system32\PSAPI.DLL
0x00007ffbc20d0000 - 0x00007ffbc212a000 	C:\WINDOWS\system32\WS2_32.dll
0x00007ffbb91f0000 - 0x00007ffbb921a000 	C:\WINDOWS\SYSTEM32\WINMMBASE.dll
0x00007ffbc1660000 - 0x00007ffbc1669000 	C:\WINDOWS\system32\NSI.dll
0x00007ffbc0b40000 - 0x00007ffbc0b8f000 	C:\WINDOWS\SYSTEM32\cfgmgr32.dll
0x00007ffbbf860000 - 0x00007ffbbf888000 	C:\WINDOWS\SYSTEM32\DEVOBJ.dll
0x00000000548f0000 - 0x00000000548ff000 	C:\Program Files\Java\jre1.8.0_31\bin\verify.dll
0x00000000548c0000 - 0x00000000548e8000 	C:\Program Files\Java\jre1.8.0_31\bin\java.dll
0x00000000548a0000 - 0x00000000548b6000 	C:\Program Files\Java\jre1.8.0_31\bin\zip.dll
0x0000000054870000 - 0x000000005488a000 	C:\Program Files\Java\jre1.8.0_31\bin\net.dll
0x00007ffbc0280000 - 0x00007ffbc02d9000 	C:\WINDOWS\system32\mswsock.dll
0x00007ffbc0080000 - 0x00007ffbc0124000 	C:\WINDOWS\SYSTEM32\DNSAPI.dll
0x00007ffbbcf70000 - 0x00007ffbbcf7a000 	C:\Windows\System32\rasadhlp.dll
0x00007ffbbbed0000 - 0x00007ffbbbf3b000 	C:\WINDOWS\System32\fwpuclnt.dll
0x00007ffbb1ff0000 - 0x00007ffbb2179000 	C:\WINDOWS\SYSTEM32\dbghelp.dll

VM Arguments:
jvm_args: -Dfile.encoding=UTF-8 
java_command: br.com.gelateria.teste.testaCodigo
java_class_path (initial): C:\Users\ASUS\workspace\G1\build\classes;C:\Users\ASUS\Desktop\eclipse\apache-tomcat-8.0.12\lib\annotations-api.jar;C:\Users\ASUS\Desktop\eclipse\apache-tomcat-8.0.12\lib\catalina-ant.jar;C:\Users\ASUS\Desktop\eclipse\apache-tomcat-8.0.12\lib\catalina-ha.jar;C:\Users\ASUS\Desktop\eclipse\apache-tomcat-8.0.12\lib\catalina-storeconfig.jar;C:\Users\ASUS\Desktop\eclipse\apache-tomcat-8.0.12\lib\catalina-tribes.jar;C:\Users\ASUS\Desktop\eclipse\apache-tomcat-8.0.12\lib\catalina.jar;C:\Users\ASUS\Desktop\eclipse\apache-tomcat-8.0.12\lib\ecj-4.4.jar;C:\Users\ASUS\Desktop\eclipse\apache-tomcat-8.0.12\lib\el-api.jar;C:\Users\ASUS\Desktop\eclipse\apache-tomcat-8.0.12\lib\jasper-el.jar;C:\Users\ASUS\Desktop\eclipse\apache-tomcat-8.0.12\lib\jasper.jar;C:\Users\ASUS\Desktop\eclipse\apache-tomcat-8.0.12\lib\jsp-api.jar;C:\Users\ASUS\Desktop\eclipse\apache-tomcat-8.0.12\lib\servlet-api.jar;C:\Users\ASUS\Desktop\eclipse\apache-tomcat-8.0.12\lib\tomcat-api.jar;C:\Users\ASUS\Desktop\eclipse\apache-tomcat-8.0.12\lib\tomcat-coyote.jar;C:\Users\ASUS\Desktop\eclipse\apache-tomcat-8.0.12\lib\tomcat-dbcp.jar;C:\Users\ASUS\Desktop\eclipse\apache-tomcat-8.0.12\lib\tomcat-i18n-es.jar;C:\Users\ASUS\Desktop\eclipse\apache-tomcat-8.0.12\lib\tomcat-i18n-fr.jar;C:\Users\ASUS\Desktop\eclipse\apache-tomcat-8.0.12\lib\tomcat-i18n-ja.jar;C:\Users\ASUS\Desktop\eclipse\apache-tomcat-8.0.12\lib\tomcat-jdbc.jar;C:\Users\ASUS\Desktop\eclipse\apache-tomcat-8.0.12\lib\tomcat-jni.jar;C:\Users\ASUS\Desktop\eclipse\apache-tomcat-8.0.12\lib\tomcat-spdy.jar;C:\Users\ASUS\Desktop\eclipse\apache-tomcat-8.0.12\lib\tomcat-util-scan.jar;C:\Users\ASUS\Desktop\eclipse\apache-tomcat-8.0.12\lib\tomcat-util.jar;C:\Users\ASUS\Desktop\eclipse\apache-tomcat-8.0.12\lib\tomcat-websocket.jar;C:\Users\ASUS\Desktop\eclipse\apache-tomcat-8.0.12\lib\websocket-api.jar;C:\Users\ASUS\workspace\G1\WebContent\WEB-INF\lib\antlr-2.7.7.jar;C:\Users\ASUS\workspace\G1\WebContent\WEB-INF\lib\commons-collections-3.1
Launcher Type: SUN_STANDARD

Environment Variables:
JAVA_HOME=C:\Program Files\Java\jre1.8.0_40
JRE_HOME=C:\Program Files\Java\jdk1.8.0_31
PATH=C:/Program Files/Java/jre1.8.0_40/bin/server;C:/Program Files/Java/jre1.8.0_40/bin;C:/Program Files/Java/jre1.8.0_40/lib/amd64;C:\ProgramData\Oracle\Java\javapath;C:\Program Files (x86)\Intel\TXE Components\TCS\;C:\Program Files\Intel\TXE Components\TCS\;C:\WINDOWS\system32;C:\WINDOWS;C:\WINDOWS\System32\Wbem;C:\WINDOWS\System32\WindowsPowerShell\v1.0\;C:\Program Files (x86)\Windows Live\Shared;C:\Users\ASUS\Desktop\eclipse;
USERNAME=ASUS
OS=Windows_NT
PROCESSOR_IDENTIFIER=Intel64 Family 6 Model 55 Stepping 3, GenuineIntel



---------------  S Y S T E M  ---------------

OS: Windows 8.1 , 64 bit Build 9600 

CPU:total 4 (4 cores per cpu, 1 threads per core) family 6 model 55 stepping 3, cmov, cx8, fxsr, mmx, sse, sse2, sse3, ssse3, sse4.1, sse4.2, popcnt, clmul, erms, tsc, tscinvbit

Memory: 4k page, physical 4078160k(862700k free), swap 16661072k(4932k free)

vm_info: Java HotSpot(TM) 64-Bit Server VM (25.31-b07) for windows-amd64 JRE (1.8.0_31-b13), built on Dec 17 2014 21:00:28 by "java_re" with MS VC++ 10.0 (VS2010)

time: Fri Aug 28 18:55:37 2015
elapsed time: 5 seconds (0d 0h 0m 5s)

